<?xml version="1.0" encoding="UTF-8"?>
<!-- Generated by org.testng.reporters.JUnitXMLReporter -->
<testsuite ignored="4" hostname="JAVAGARs-MacBook-Air.local" failures="0" tests="1" name="Default test" time="8.393" errors="0" timestamp="2025-11-22T09:50:36 IST">
  <testcase classname="com.runner.NaukriRunner" name="loginTest" time="4.747"/>
  <testcase classname="com.runner.NaukriRunner" name="profileUpdatetest" time="0.0">
    <ignored/>
  </testcase> <!-- profileUpdatetest -->
  <testcase classname="com.runner.NaukriRunner" name="resumeHeaderLineTest" time="0.0">
    <ignored/>
  </testcase> <!-- resumeHeaderLineTest -->
  <testcase classname="com.runner.NaukriRunner" name="keySkillTest" time="0.0">
    <ignored/>
  </testcase> <!-- keySkillTest -->
  <testcase classname="com.runner.NaukriRunner" name="employmentTest" time="0.0">
    <ignored/>
  </testcase> <!-- employmentTest -->
</testsuite> <!-- Default test -->
