<?xml version="1.0" encoding="UTF-8"?>
<!-- Generated by org.testng.reporters.JUnitXMLReporter -->
<testsuite ignored="3" hostname="JAVAGARs-MacBook-Air.local" failures="2" tests="2" name="Test" time="18.079" errors="0" timestamp="2025-11-21T20:19:32 IST">
  <testcase classname="com.runner.NaukriRunner" name="loginTest" time="0.073">
    <failure type="java.lang.AssertionError" message="ERROR : OCCURS DURING SEND INPUT ">
      <![CDATA[java.lang.AssertionError: ERROR : OCCURS DURING SEND INPUT 
at org.junit.Assert.fail(Assert.java:89)
at com.base.BaseClass.sendInput(BaseClass.java:90)
at com.pageobjectmodel.LoginPage.validLoginPage(LoginPage.java:38)
at com.runner.NaukriRunner.loginTest(NaukriRunner.java:35)
at java.base/java.util.ArrayList.forEach(ArrayList.java:1596)
... Removed 25 stack frames]]>
    </failure>
  </testcase> <!-- loginTest -->
  <testcase classname="com.runner.NaukriRunner" name="employmentTest" time="0.006">
    <failure type="java.lang.AssertionError" message="ERROR : OCCURS DURING CLICKING ">
      <![CDATA[java.lang.AssertionError: ERROR : OCCURS DURING CLICKING 
at org.junit.Assert.fail(Assert.java:89)
at com.base.BaseClass.click(BaseClass.java:107)
at com.pageobjectmodel.EmployeementPage.employment(EmployeementPage.java:63)
at com.runner.NaukriRunner.employmentTest(NaukriRunner.java:56)
at java.base/java.util.ArrayList.forEach(ArrayList.java:1596)
... Removed 25 stack frames]]>
    </failure>
  </testcase> <!-- employmentTest -->
  <testcase classname="com.runner.NaukriRunner" name="profileUpdatetest" time="0.0">
    <ignored/>
  </testcase> <!-- profileUpdatetest -->
  <testcase classname="com.runner.NaukriRunner" name="resumeHeaderLineTest" time="0.0">
    <ignored/>
  </testcase> <!-- resumeHeaderLineTest -->
  <testcase classname="com.runner.NaukriRunner" name="keySkillTest" time="0.0">
    <ignored/>
  </testcase> <!-- keySkillTest -->
</testsuite> <!-- Test -->
