<?xml version="1.0" encoding="UTF-8"?>
<testng-results ignored="4" total="5" passed="1" failed="0" skipped="0">
  <reporter-output>
  </reporter-output>
  <suite started-at="2025-11-22T09:50:28 IST" name="Default suite" finished-at="2025-11-22T09:50:36 IST" duration-ms="8393">
    <groups>
    </groups>
    <test started-at="2025-11-22T09:50:28 IST" name="Default test" finished-at="2025-11-22T09:50:36 IST" duration-ms="8393">
      <class name="com.runner.NaukriRunner">
        <test-method is-config="true" signature="reportStart()[pri:0, instance:com.runner.NaukriRunner@198b6731]" started-at="2025-11-22T09:50:28 IST" name="reportStart" finished-at="2025-11-22T09:50:28 IST" duration-ms="117" status="PASS">
          <reporter-output>
          </reporter-output>
        </test-method> <!-- reportStart -->
        <test-method is-config="true" signature="setupProperty()[pri:0, instance:com.runner.NaukriRunner@198b6731]" started-at="2025-11-22T09:50:28 IST" name="setupProperty" finished-at="2025-11-22T09:50:32 IST" duration-ms="3505" status="PASS">
          <reporter-output>
          </reporter-output>
        </test-method> <!-- setupProperty -->
        <test-method signature="loginTest()[pri:0, instance:com.runner.NaukriRunner@198b6731]" started-at="2025-11-22T09:50:32 IST" name="loginTest" finished-at="2025-11-22T09:50:36 IST" duration-ms="4747" status="PASS">
          <reporter-output>
          </reporter-output>
        </test-method> <!-- loginTest -->
        <test-method is-config="true" signature="reportEnd()[pri:0, instance:com.runner.NaukriRunner@198b6731]" started-at="2025-11-22T09:50:36 IST" name="reportEnd" finished-at="2025-11-22T09:50:37 IST" duration-ms="444" status="PASS">
          <reporter-output>
          </reporter-output>
        </test-method> <!-- reportEnd -->
      </class> <!-- com.runner.NaukriRunner -->
    </test> <!-- Default test -->
  </suite> <!-- Default suite -->
</testng-results>
