<?xml version="1.0" encoding="UTF-8"?>
<!-- Generated by org.testng.reporters.JUnitReportReporter -->
<testsuite hostname="JAVAGARs-MacBook-Air.local" failures="0" tests="5" name="com.runner.NaukriRunner" time="4.747" errors="0" timestamp="2025-11-22T09:50:37 IST" skipped="4">
  <testcase classname="com.runner.NaukriRunner" name="loginTest" time="4.747"/>
  <testcase classname="com.runner.NaukriRunner" name="profileUpdatetest">
    <skipped/>
  </testcase> <!-- profileUpdatetest -->
  <testcase classname="com.runner.NaukriRunner" name="resumeHeaderLineTest">
    <skipped/>
  </testcase> <!-- resumeHeaderLineTest -->
  <testcase classname="com.runner.NaukriRunner" name="keySkillTest">
    <skipped/>
  </testcase> <!-- keySkillTest -->
  <testcase classname="com.runner.NaukriRunner" name="employmentTest">
    <skipped/>
  </testcase> <!-- employmentTest -->
</testsuite> <!-- com.runner.NaukriRunner -->
